<?xml version="1.0" encoding="UTF-8"?>
<!-- Generated by org.testng.reporters.JUnitXMLReporter -->
<testsuite ignored="0" hostname="DESKTOP-RUP04LH" failures="0" tests="5" name="Test" time="108.222" errors="0" timestamp="2023-01-05T19:19:47 IST">
  <testcase classname="com.obs.tests.DelectAccount" name="delectaccount" time="19.032"/>
  <testcase classname="com.obs.tests.DelectAccount" name="delectaccount" time="18.27"/>
  <testcase classname="com.obs.tests.DelectAccount" name="delectaccount" time="15.711"/>
  <testcase classname="com.obs.tests.DelectAccount" name="delectaccount" time="21.875"/>
  <testcase classname="com.obs.tests.DelectAccount" name="delectaccount" time="16.78"/>
</testsuite> <!-- Test -->
