<?xml version="1.0" encoding="UTF-8"?>
<testng-results ignored="0" total="5" passed="5" failed="0" skipped="0">
  <reporter-output>
  </reporter-output>
  <suite started-at="2023-01-05T19:17:58 IST" name="Suite" finished-at="2023-01-05T19:19:47 IST" duration-ms="108222">
    <groups>
    </groups>
    <test started-at="2023-01-05T19:17:58 IST" name="Test" finished-at="2023-01-05T19:19:47 IST" duration-ms="108222">
      <class name="com.obs.tests.DelectAccount">
        <test-method is-config="true" signature="initialyeReport()[pri:0, instance:com.obs.tests.DelectAccount@17f62e33]" started-at="2023-01-05T19:17:58 IST" name="initialyeReport" finished-at="2023-01-05T19:17:58 IST" duration-ms="235" status="PASS">
          <reporter-output>
          </reporter-output>
        </test-method> <!-- initialyeReport -->
        <test-method is-config="true" signature="launch(java.lang.String,java.lang.reflect.Method)[pri:0, instance:com.obs.tests.DelectAccount@17f62e33]" started-at="2023-01-05T19:17:58 IST" name="launch" finished-at="2023-01-05T19:18:04 IST" duration-ms="5808" status="PASS">
          <params>
            <param index="0">
              <value>
                <![CDATA[Chrome]]>
              </value>
            </param>
            <param index="1">
              <value>
                <![CDATA[public void com.obs.tests.DelectAccount.delectaccount() throws java.io.IOException,java.lang.InterruptedException]]>
              </value>
            </param>
          </params>
          <reporter-output>
          </reporter-output>
        </test-method> <!-- launch -->
        <test-method signature="delectaccount()[pri:0, instance:com.obs.tests.DelectAccount@17f62e33]" started-at="2023-01-05T19:18:04 IST" name="delectaccount" finished-at="2023-01-05T19:18:23 IST" duration-ms="19032" status="PASS">
          <reporter-output>
          </reporter-output>
        </test-method> <!-- delectaccount -->
        <test-method is-config="true" signature="closeBrowser(org.testng.ITestResult)[pri:0, instance:com.obs.tests.DelectAccount@17f62e33]" started-at="2023-01-05T19:18:23 IST" name="closeBrowser" finished-at="2023-01-05T19:18:24 IST" duration-ms="325" status="PASS">
          <params>
            <param index="0">
              <value>
                <![CDATA[[TestResult name=delectaccount status=SUCCESS method=DelectAccount.delectaccount()[pri:0, instance:com.obs.tests.DelectAccount@17f62e33] output={null}]]]>
              </value>
            </param>
          </params>
          <reporter-output>
          </reporter-output>
        </test-method> <!-- closeBrowser -->
        <test-method is-config="true" signature="launch(java.lang.String,java.lang.reflect.Method)[pri:0, instance:com.obs.tests.DelectAccount@17f62e33]" started-at="2023-01-05T19:18:24 IST" name="launch" finished-at="2023-01-05T19:18:26 IST" duration-ms="2262" status="PASS">
          <params>
            <param index="0">
              <value>
                <![CDATA[Chrome]]>
              </value>
            </param>
            <param index="1">
              <value>
                <![CDATA[public void com.obs.tests.DelectAccount.delectaccount() throws java.io.IOException,java.lang.InterruptedException]]>
              </value>
            </param>
          </params>
          <reporter-output>
          </reporter-output>
        </test-method> <!-- launch -->
        <test-method signature="delectaccount()[pri:0, instance:com.obs.tests.DelectAccount@17f62e33]" started-at="2023-01-05T19:18:26 IST" name="delectaccount" finished-at="2023-01-05T19:18:44 IST" duration-ms="18270" status="PASS">
          <reporter-output>
          </reporter-output>
        </test-method> <!-- delectaccount -->
        <test-method is-config="true" signature="closeBrowser(org.testng.ITestResult)[pri:0, instance:com.obs.tests.DelectAccount@17f62e33]" started-at="2023-01-05T19:18:44 IST" name="closeBrowser" finished-at="2023-01-05T19:18:45 IST" duration-ms="1282" status="PASS">
          <params>
            <param index="0">
              <value>
                <![CDATA[[TestResult name=delectaccount status=SUCCESS method=DelectAccount.delectaccount()[pri:0, instance:com.obs.tests.DelectAccount@17f62e33] output={null}]]]>
              </value>
            </param>
          </params>
          <reporter-output>
          </reporter-output>
        </test-method> <!-- closeBrowser -->
        <test-method is-config="true" signature="launch(java.lang.String,java.lang.reflect.Method)[pri:0, instance:com.obs.tests.DelectAccount@17f62e33]" started-at="2023-01-05T19:18:45 IST" name="launch" finished-at="2023-01-05T19:18:47 IST" duration-ms="1373" status="PASS">
          <params>
            <param index="0">
              <value>
                <![CDATA[Chrome]]>
              </value>
            </param>
            <param index="1">
              <value>
                <![CDATA[public void com.obs.tests.DelectAccount.delectaccount() throws java.io.IOException,java.lang.InterruptedException]]>
              </value>
            </param>
          </params>
          <reporter-output>
          </reporter-output>
        </test-method> <!-- launch -->
        <test-method signature="delectaccount()[pri:0, instance:com.obs.tests.DelectAccount@17f62e33]" started-at="2023-01-05T19:18:47 IST" name="delectaccount" finished-at="2023-01-05T19:19:03 IST" duration-ms="15711" status="PASS">
          <reporter-output>
          </reporter-output>
        </test-method> <!-- delectaccount -->
        <test-method is-config="true" signature="closeBrowser(org.testng.ITestResult)[pri:0, instance:com.obs.tests.DelectAccount@17f62e33]" started-at="2023-01-05T19:19:03 IST" name="closeBrowser" finished-at="2023-01-05T19:19:03 IST" duration-ms="248" status="PASS">
          <params>
            <param index="0">
              <value>
                <![CDATA[[TestResult name=delectaccount status=SUCCESS method=DelectAccount.delectaccount()[pri:0, instance:com.obs.tests.DelectAccount@17f62e33] output={null}]]]>
              </value>
            </param>
          </params>
          <reporter-output>
          </reporter-output>
        </test-method> <!-- closeBrowser -->
        <test-method is-config="true" signature="launch(java.lang.String,java.lang.reflect.Method)[pri:0, instance:com.obs.tests.DelectAccount@17f62e33]" started-at="2023-01-05T19:19:03 IST" name="launch" finished-at="2023-01-05T19:19:05 IST" duration-ms="1938" status="PASS">
          <params>
            <param index="0">
              <value>
                <![CDATA[Chrome]]>
              </value>
            </param>
            <param index="1">
              <value>
                <![CDATA[public void com.obs.tests.DelectAccount.delectaccount() throws java.io.IOException,java.lang.InterruptedException]]>
              </value>
            </param>
          </params>
          <reporter-output>
          </reporter-output>
        </test-method> <!-- launch -->
        <test-method signature="delectaccount()[pri:0, instance:com.obs.tests.DelectAccount@17f62e33]" started-at="2023-01-05T19:19:05 IST" name="delectaccount" finished-at="2023-01-05T19:19:27 IST" duration-ms="21875" status="PASS">
          <reporter-output>
          </reporter-output>
        </test-method> <!-- delectaccount -->
        <test-method is-config="true" signature="closeBrowser(org.testng.ITestResult)[pri:0, instance:com.obs.tests.DelectAccount@17f62e33]" started-at="2023-01-05T19:19:27 IST" name="closeBrowser" finished-at="2023-01-05T19:19:27 IST" duration-ms="324" status="PASS">
          <params>
            <param index="0">
              <value>
                <![CDATA[[TestResult name=delectaccount status=SUCCESS method=DelectAccount.delectaccount()[pri:0, instance:com.obs.tests.DelectAccount@17f62e33] output={null}]]]>
              </value>
            </param>
          </params>
          <reporter-output>
          </reporter-output>
        </test-method> <!-- closeBrowser -->
        <test-method is-config="true" signature="launch(java.lang.String,java.lang.reflect.Method)[pri:0, instance:com.obs.tests.DelectAccount@17f62e33]" started-at="2023-01-05T19:19:27 IST" name="launch" finished-at="2023-01-05T19:19:30 IST" duration-ms="2657" status="PASS">
          <params>
            <param index="0">
              <value>
                <![CDATA[Chrome]]>
              </value>
            </param>
            <param index="1">
              <value>
                <![CDATA[public void com.obs.tests.DelectAccount.delectaccount() throws java.io.IOException,java.lang.InterruptedException]]>
              </value>
            </param>
          </params>
          <reporter-output>
          </reporter-output>
        </test-method> <!-- launch -->
        <test-method signature="delectaccount()[pri:0, instance:com.obs.tests.DelectAccount@17f62e33]" started-at="2023-01-05T19:19:30 IST" name="delectaccount" finished-at="2023-01-05T19:19:46 IST" duration-ms="16780" status="PASS">
          <reporter-output>
          </reporter-output>
        </test-method> <!-- delectaccount -->
        <test-method is-config="true" signature="closeBrowser(org.testng.ITestResult)[pri:0, instance:com.obs.tests.DelectAccount@17f62e33]" started-at="2023-01-05T19:19:46 IST" name="closeBrowser" finished-at="2023-01-05T19:19:47 IST" duration-ms="264" status="PASS">
          <params>
            <param index="0">
              <value>
                <![CDATA[[TestResult name=delectaccount status=SUCCESS method=DelectAccount.delectaccount()[pri:0, instance:com.obs.tests.DelectAccount@17f62e33] output={null}]]]>
              </value>
            </param>
          </params>
          <reporter-output>
          </reporter-output>
        </test-method> <!-- closeBrowser -->
        <test-method is-config="true" signature="cleanup()[pri:0, instance:com.obs.tests.DelectAccount@17f62e33]" started-at="2023-01-05T19:19:47 IST" name="cleanup" finished-at="2023-01-05T19:19:47 IST" duration-ms="440" status="PASS">
          <reporter-output>
          </reporter-output>
        </test-method> <!-- cleanup -->
      </class> <!-- com.obs.tests.DelectAccount -->
    </test> <!-- Test -->
  </suite> <!-- Suite -->
</testng-results>
